<?xml version="1.0" encoding="UTF-8"?>
<testng-results skipped="0" failed="0" ignored="0" total="1" passed="1">
  <reporter-output>
  </reporter-output>
  <suite name="Suite1" duration-ms="12822" started-at="2019-12-26T04:28:54Z" finished-at="2019-12-26T04:29:07Z">
    <groups>
      <group name="cucumber">
        <method signature="AbstractTestNGCucumberTests.feature(cucumber.api.testng.CucumberFeatureWrapper)[pri:0, instance:runner.RunnerFile@3e3047e6]" name="feature" class="cucumber.api.testng.AbstractTestNGCucumberTests"/>
      </group> <!-- cucumber -->
    </groups>
    <test name="Nopackage" duration-ms="12822" started-at="2019-12-26T04:28:54Z" finished-at="2019-12-26T04:29:07Z">
      <class name="runner.RunnerFile">
        <test-method status="PASS" signature="setUpClass()[pri:0, instance:runner.RunnerFile@3e3047e6]" name="setUpClass" is-config="true" duration-ms="145" started-at="2019-12-26T04:28:54Z" finished-at="2019-12-26T04:28:54Z">
          <reporter-output>
          </reporter-output>
        </test-method> <!-- setUpClass -->
        <test-method status="PASS" signature="feature(cucumber.api.testng.CucumberFeatureWrapper)[pri:0, instance:runner.RunnerFile@3e3047e6]" name="feature" duration-ms="12462" started-at="2019-12-26T04:28:54Z" description="Runs Cucumber Feature" data-provider="features" finished-at="2019-12-26T04:29:07Z">
          <params>
            <param index="0">
              <value>
                <![CDATA[Check automationpractice login]]>
              </value>
            </param>
          </params>
          <reporter-output>
          </reporter-output>
        </test-method> <!-- feature -->
        <test-method status="PASS" signature="tearDownClass()[pri:0, instance:runner.RunnerFile@3e3047e6]" name="tearDownClass" is-config="true" duration-ms="155" started-at="2019-12-26T04:29:07Z" finished-at="2019-12-26T04:29:07Z">
          <reporter-output>
          </reporter-output>
        </test-method> <!-- tearDownClass -->
      </class> <!-- runner.RunnerFile -->
    </test> <!-- Nopackage -->
  </suite> <!-- Suite1 -->
</testng-results>
